2023-12-05 10:21:38 : Constructed KG finished.
2023-12-05 10:21:38 : n_users:            13367
2023-12-05 10:21:38 : n_items:            12677
2023-12-05 10:21:38 : n_entities:         24228
2023-12-05 10:21:38 : n_users_entities:   37595
2023-12-05 10:21:38 : n_relations:        12
2023-12-05 10:21:38 : n_cf_train:         855123
2023-12-05 10:21:38 : n_cf_test:          196893
2023-12-05 10:21:38 : n_kg_train:         3003542
2023-12-05 10:21:38 : n_kg_test:          1687082
2023-12-05 10:21:53 : Data initialization done
2023-12-05 10:26:21 : Constructed KG finished.
2023-12-05 10:26:21 : n_users:            13367
2023-12-05 10:26:21 : n_items:            12677
2023-12-05 10:26:21 : n_entities:         24228
2023-12-05 10:26:21 : n_users_entities:   37595
2023-12-05 10:26:21 : n_relations:        12
2023-12-05 10:26:21 : n_cf_train:         855123
2023-12-05 10:26:21 : n_cf_test:          196893
2023-12-05 10:26:21 : n_kg_train:         3003542
2023-12-05 10:26:21 : n_kg_test:          1687082
2023-12-05 10:26:36 : Data initialization done
2023-12-05 10:39:24 : Constructed KG finished.
2023-12-05 10:39:24 : n_users:            13367
2023-12-05 10:39:24 : n_items:            12677
2023-12-05 10:39:24 : n_entities:         24228
2023-12-05 10:39:24 : n_users_entities:   37595
2023-12-05 10:39:24 : n_relations:        12
2023-12-05 10:39:24 : n_cf_train:         855123
2023-12-05 10:39:24 : n_cf_test:          196893
2023-12-05 10:39:24 : n_kg_train:         3003542
2023-12-05 10:39:24 : n_kg_test:          1687082
2023-12-05 10:39:39 : Data initialization done
2023-12-05 10:43:06 : Constructed KG finished.
2023-12-05 10:43:06 : n_users:            13367
2023-12-05 10:43:06 : n_items:            12677
2023-12-05 10:43:06 : n_entities:         24228
2023-12-05 10:43:06 : n_users_entities:   37595
2023-12-05 10:43:06 : n_relations:        12
2023-12-05 10:43:06 : n_cf_train:         855123
2023-12-05 10:43:06 : n_cf_test:          196893
2023-12-05 10:43:06 : n_kg_train:         3003542
2023-12-05 10:43:06 : n_kg_test:          1687082
2023-12-05 10:43:20 : Data initialization done
2023-12-05 10:46:44 : Constructed KG finished.
2023-12-05 10:46:44 : n_users:            13367
2023-12-05 10:46:44 : n_items:            12677
2023-12-05 10:46:44 : n_entities:         24228
2023-12-05 10:46:44 : n_users_entities:   37595
2023-12-05 10:46:44 : n_relations:        12
2023-12-05 10:46:44 : n_cf_train:         855123
2023-12-05 10:46:44 : n_cf_test:          196893
2023-12-05 10:46:44 : n_kg_train:         3003542
2023-12-05 10:46:44 : n_kg_test:          1687082
2023-12-05 10:46:58 : Data initialization done
2023-12-05 10:50:39 : Constructed KG finished.
2023-12-05 10:50:39 : n_users:            13367
2023-12-05 10:50:39 : n_items:            12677
2023-12-05 10:50:39 : n_entities:         24228
2023-12-05 10:50:39 : n_users_entities:   37595
2023-12-05 10:50:39 : n_relations:        12
2023-12-05 10:50:39 : n_cf_train:         855123
2023-12-05 10:50:39 : n_cf_test:          196893
2023-12-05 10:50:39 : n_kg_train:         3003542
2023-12-05 10:50:39 : n_kg_test:          1687082
2023-12-05 10:51:19 : Data initialization done
2023-12-05 10:56:17 : Constructed KG finished.
2023-12-05 10:56:17 : n_users:            13367
2023-12-05 10:56:17 : n_items:            12677
2023-12-05 10:56:17 : n_entities:         24228
2023-12-05 10:56:17 : n_users_entities:   37595
2023-12-05 10:56:17 : n_relations:        12
2023-12-05 10:56:17 : n_cf_train:         855123
2023-12-05 10:56:17 : n_cf_test:          196893
2023-12-05 10:56:17 : n_kg_train:         3003542
2023-12-05 10:56:17 : n_kg_test:          1687082
2023-12-05 10:56:58 : Data initialization done
2023-12-05 11:03:32 : Constructed KG finished.
2023-12-05 11:03:32 : n_users:            13367
2023-12-05 11:03:32 : n_items:            12677
2023-12-05 11:03:32 : n_entities:         24228
2023-12-05 11:03:32 : n_users_entities:   37595
2023-12-05 11:03:32 : n_relations:        12
2023-12-05 11:03:32 : n_cf_train:         855123
2023-12-05 11:03:32 : n_cf_test:          196893
2023-12-05 11:03:32 : n_kg_train:         3003542
2023-12-05 11:03:32 : n_kg_test:          1687082
2023-12-05 11:04:13 : Data initialization done
2023-12-05 11:09:55 : Constructed KG finished.
2023-12-05 11:09:55 : n_users:            13367
2023-12-05 11:09:55 : n_items:            12677
2023-12-05 11:09:55 : n_entities:         24228
2023-12-05 11:09:55 : n_users_entities:   37595
2023-12-05 11:09:55 : n_relations:        12
2023-12-05 11:09:55 : n_cf_train:         855123
2023-12-05 11:09:55 : n_cf_test:          196893
2023-12-05 11:09:55 : n_kg_train:         3003542
2023-12-05 11:09:55 : n_kg_test:          1687082
2023-12-05 11:10:36 : Data initialization done
2023-12-05 11:22:05 : Constructed KG finished.
2023-12-05 11:22:05 : n_users:            13367
2023-12-05 11:22:05 : n_items:            12677
2023-12-05 11:22:05 : n_entities:         24228
2023-12-05 11:22:05 : n_users_entities:   37595
2023-12-05 11:22:05 : n_relations:        12
2023-12-05 11:22:05 : n_cf_train:         855123
2023-12-05 11:22:05 : n_cf_test:          196893
2023-12-05 11:22:05 : n_kg_train:         3003542
2023-12-05 11:22:05 : n_kg_test:          1687082
2023-12-05 11:22:48 : Data initialization done
2023-12-05 11:34:00 : Constructed KG finished.
2023-12-05 11:34:00 : n_users:            13367
2023-12-05 11:34:00 : n_items:            12677
2023-12-05 11:34:00 : n_entities:         24228
2023-12-05 11:34:00 : n_users_entities:   37595
2023-12-05 11:34:00 : n_relations:        12
2023-12-05 11:34:00 : n_cf_train:         855123
2023-12-05 11:34:00 : n_cf_test:          196893
2023-12-05 11:34:00 : n_kg_train:         3003542
2023-12-05 11:34:00 : n_kg_test:          1687082
2023-12-05 11:34:15 : Data initialization done
2023-12-05 11:40:08 : Constructed KG finished.
2023-12-05 11:40:08 : n_users:            13367
2023-12-05 11:40:08 : n_items:            12677
2023-12-05 11:40:08 : n_entities:         24228
2023-12-05 11:40:08 : n_users_entities:   37595
2023-12-05 11:40:08 : n_relations:        12
2023-12-05 11:40:08 : n_cf_train:         855123
2023-12-05 11:40:08 : n_cf_test:          196893
2023-12-05 11:40:08 : n_kg_train:         3003542
2023-12-05 11:40:08 : n_kg_test:          1687082
2023-12-05 11:40:23 : Data initialization done
2023-12-05 13:00:19 : Constructed KG finished.
2023-12-05 13:00:19 : n_users:            13367
2023-12-05 13:00:19 : n_items:            12677
2023-12-05 13:00:19 : n_entities:         24228
2023-12-05 13:00:19 : n_users_entities:   37595
2023-12-05 13:00:19 : n_relations:        12
2023-12-05 13:00:19 : n_cf_train:         855123
2023-12-05 13:00:19 : n_cf_test:          196893
2023-12-05 13:00:19 : n_kg_train:         3003542
2023-12-05 13:00:19 : n_kg_test:          1687082
2023-12-05 13:00:34 : Data initialization done
2023-12-05 13:12:49 : Constructed KG finished.
2023-12-05 13:12:49 : n_users:            13367
2023-12-05 13:12:49 : n_items:            12677
2023-12-05 13:12:49 : n_entities:         24228
2023-12-05 13:12:49 : n_users_entities:   37595
2023-12-05 13:12:49 : n_relations:        12
2023-12-05 13:12:49 : n_cf_train:         855123
2023-12-05 13:12:49 : n_cf_test:          196893
2023-12-05 13:12:49 : n_kg_train:         3003542
2023-12-05 13:12:49 : n_kg_test:          1687082
2023-12-05 13:13:04 : Data initialization done
2023-12-05 19:51:42 : Constructed KG finished.
2023-12-05 19:51:42 : n_users:            13367
2023-12-05 19:51:42 : n_items:            12677
2023-12-05 19:51:42 : n_entities:         24228
2023-12-05 19:51:42 : n_users_entities:   37595
2023-12-05 19:51:42 : n_relations:        12
2023-12-05 19:51:42 : n_cf_train:         855123
2023-12-05 19:51:42 : n_cf_test:          196893
2023-12-05 19:51:42 : n_kg_train:         3003542
2023-12-05 19:51:42 : n_kg_test:          1687082
2023-12-05 19:51:58 : Data initialization done
2023-12-05 19:57:52 : Constructed KG finished.
2023-12-05 19:57:52 : n_users:            13367
2023-12-05 19:57:52 : n_items:            12677
2023-12-05 19:57:52 : n_entities:         24228
2023-12-05 19:57:52 : n_users_entities:   37595
2023-12-05 19:57:52 : n_relations:        12
2023-12-05 19:57:52 : n_cf_train:         855123
2023-12-05 19:57:52 : n_cf_test:          196893
2023-12-05 19:57:52 : n_kg_train:         3003542
2023-12-05 19:57:52 : n_kg_test:          1687082
2023-12-05 19:58:07 : Data initialization done
2023-12-05 20:03:45 : Constructed KG finished.
2023-12-05 20:03:45 : n_users:            13367
2023-12-05 20:03:45 : n_items:            12677
2023-12-05 20:03:45 : n_entities:         24228
2023-12-05 20:03:45 : n_users_entities:   37595
2023-12-05 20:03:45 : n_relations:        12
2023-12-05 20:03:45 : n_cf_train:         855123
2023-12-05 20:03:45 : n_cf_test:          196893
2023-12-05 20:03:45 : n_kg_train:         3003542
2023-12-05 20:03:45 : n_kg_test:          1687082
2023-12-05 20:04:01 : Data initialization done
2023-12-05 20:10:01 : Constructed KG finished.
2023-12-05 20:10:01 : n_users:            13367
2023-12-05 20:10:01 : n_items:            12677
2023-12-05 20:10:01 : n_entities:         24228
2023-12-05 20:10:01 : n_users_entities:   37595
2023-12-05 20:10:01 : n_relations:        12
2023-12-05 20:10:01 : n_cf_train:         855123
2023-12-05 20:10:01 : n_cf_test:          196893
2023-12-05 20:10:01 : n_kg_train:         3003542
2023-12-05 20:10:01 : n_kg_test:          1687082
2023-12-05 20:10:16 : Data initialization done
2023-12-05 20:19:48 : Constructed KG finished.
2023-12-05 20:19:48 : n_users:            13367
2023-12-05 20:19:48 : n_items:            12677
2023-12-05 20:19:48 : n_entities:         24228
2023-12-05 20:19:48 : n_users_entities:   37595
2023-12-05 20:19:48 : n_relations:        12
2023-12-05 20:19:48 : n_cf_train:         855123
2023-12-05 20:19:48 : n_cf_test:          196893
2023-12-05 20:19:48 : n_kg_train:         3003542
2023-12-05 20:19:48 : n_kg_test:          1687082
2023-12-05 20:20:03 : Data initialization done
2023-12-05 20:25:30 : Constructed KG finished.
2023-12-05 20:25:30 : n_users:            13367
2023-12-05 20:25:30 : n_items:            12677
2023-12-05 20:25:30 : n_entities:         24228
2023-12-05 20:25:30 : n_users_entities:   37595
2023-12-05 20:25:30 : n_relations:        12
2023-12-05 20:25:30 : n_cf_train:         855123
2023-12-05 20:25:30 : n_cf_test:          196893
2023-12-05 20:25:30 : n_kg_train:         3003542
2023-12-05 20:25:30 : n_kg_test:          1687082
2023-12-05 20:25:45 : Data initialization done
2023-12-05 20:31:41 : Constructed KG finished.
2023-12-05 20:31:41 : n_users:            13367
2023-12-05 20:31:41 : n_items:            12677
2023-12-05 20:31:41 : n_entities:         24228
2023-12-05 20:31:41 : n_users_entities:   37595
2023-12-05 20:31:41 : n_relations:        12
2023-12-05 20:31:41 : n_cf_train:         855123
2023-12-05 20:31:41 : n_cf_test:          196893
2023-12-05 20:31:41 : n_kg_train:         3003542
2023-12-05 20:31:41 : n_kg_test:          1687082
2023-12-05 20:31:57 : Data initialization done
2023-12-05 20:38:30 : Constructed KG finished.
2023-12-05 20:38:30 : n_users:            13367
2023-12-05 20:38:30 : n_items:            12677
2023-12-05 20:38:30 : n_entities:         24228
2023-12-05 20:38:30 : n_users_entities:   37595
2023-12-05 20:38:30 : n_relations:        12
2023-12-05 20:38:30 : n_cf_train:         855123
2023-12-05 20:38:30 : n_cf_test:          196893
2023-12-05 20:38:30 : n_kg_train:         3003542
2023-12-05 20:38:30 : n_kg_test:          1687082
2023-12-05 20:38:44 : Data initialization done
2024-01-15 20:31:24 : Constructed KG finished.
2024-01-15 20:31:24 : n_users:            13367
2024-01-15 20:31:24 : n_items:            12677
2024-01-15 20:31:24 : n_entities:         24228
2024-01-15 20:31:24 : n_users_entities:   37595
2024-01-15 20:31:24 : n_relations:        12
2024-01-15 20:31:24 : n_cf_train:         855123
2024-01-15 20:31:24 : n_cf_test:          196893
2024-01-15 20:31:24 : n_kg_train:         3003542
2024-01-15 20:31:24 : n_kg_test:          1687082
2024-01-15 20:31:40 : Data initialization done
2024-01-16 15:53:40 : Constructed KG finished.
2024-01-16 15:53:40 : n_users:            13367
2024-01-16 15:53:40 : n_items:            12677
2024-01-16 15:53:40 : n_entities:         24228
2024-01-16 15:53:40 : n_users_entities:   37595
2024-01-16 15:53:40 : n_relations:        12
2024-01-16 15:53:40 : n_cf_train:         855123
2024-01-16 15:53:40 : n_cf_test:          196893
2024-01-16 15:53:40 : n_kg_train:         3003542
2024-01-16 15:53:40 : n_kg_test:          1687082
2024-01-16 15:53:55 : Data initialization done
2024-01-16 16:18:35 : Constructed KG finished.
2024-01-16 16:18:35 : n_users:            13367
2024-01-16 16:18:35 : n_items:            12677
2024-01-16 16:18:35 : n_entities:         24228
2024-01-16 16:18:35 : n_users_entities:   37595
2024-01-16 16:18:35 : n_relations:        12
2024-01-16 16:18:35 : n_cf_train:         855123
2024-01-16 16:18:35 : n_cf_test:          196893
2024-01-16 16:18:35 : n_kg_train:         3003542
2024-01-16 16:18:35 : n_kg_test:          1687082
2024-01-16 16:18:50 : Data initialization done
2024-01-16 22:17:55 : Constructed KG finished.
2024-01-16 22:17:55 : n_users:            13367
2024-01-16 22:17:55 : n_items:            12677
2024-01-16 22:17:55 : n_entities:         24228
2024-01-16 22:17:55 : n_users_entities:   37595
2024-01-16 22:17:55 : n_relations:        12
2024-01-16 22:17:55 : n_cf_train:         855123
2024-01-16 22:17:55 : n_cf_test:          196893
2024-01-16 22:17:55 : n_kg_train:         3003542
2024-01-16 22:17:55 : n_kg_test:          1687082
2024-01-16 22:18:10 : Data initialization done
2024-01-17 22:07:25 : Constructed KG finished.
2024-01-17 22:07:25 : n_users:            13367
2024-01-17 22:07:25 : n_items:            12677
2024-01-17 22:07:25 : n_entities:         24228
2024-01-17 22:07:25 : n_users_entities:   37595
2024-01-17 22:07:25 : n_relations:        12
2024-01-17 22:07:25 : n_cf_train:         855123
2024-01-17 22:07:25 : n_cf_test:          196893
2024-01-17 22:07:25 : n_kg_train:         3003542
2024-01-17 22:07:25 : n_kg_test:          1687082
2024-01-17 22:07:40 : Data initialization done
2024-01-18 22:09:02 : Constructed KG finished.
2024-01-18 22:09:02 : n_users:            13367
2024-01-18 22:09:02 : n_items:            12677
2024-01-18 22:09:02 : n_entities:         24228
2024-01-18 22:09:02 : n_users_entities:   37595
2024-01-18 22:09:02 : n_relations:        12
2024-01-18 22:09:02 : n_cf_train:         855123
2024-01-18 22:09:02 : n_cf_test:          196893
2024-01-18 22:09:02 : n_kg_train:         3003542
2024-01-18 22:09:02 : n_kg_test:          1687082
2024-01-18 22:09:17 : Data initialization done
2024-01-19 22:17:26 : Constructed KG finished.
2024-01-19 22:17:26 : n_users:            13367
2024-01-19 22:17:26 : n_items:            12677
2024-01-19 22:17:26 : n_entities:         24228
2024-01-19 22:17:26 : n_users_entities:   37595
2024-01-19 22:17:26 : n_relations:        12
2024-01-19 22:17:26 : n_cf_train:         855123
2024-01-19 22:17:26 : n_cf_test:          196893
2024-01-19 22:17:26 : n_kg_train:         3003542
2024-01-19 22:17:26 : n_kg_test:          1687082
2024-01-19 22:17:41 : Data initialization done
2024-01-20 16:10:33 : Constructed KG finished.
2024-01-20 16:10:33 : n_users:            13367
2024-01-20 16:10:33 : n_items:            12677
2024-01-20 16:10:33 : n_entities:         24228
2024-01-20 16:10:33 : n_users_entities:   37595
2024-01-20 16:10:33 : n_relations:        12
2024-01-20 16:10:33 : n_cf_train:         855123
2024-01-20 16:10:33 : n_cf_test:          196893
2024-01-20 16:10:33 : n_kg_train:         3003542
2024-01-20 16:10:33 : n_kg_test:          1687082
2024-01-20 16:10:48 : Data initialization done
2024-01-21 21:40:13 : Constructed KG finished.
2024-01-21 21:40:13 : n_users:            13367
2024-01-21 21:40:13 : n_items:            12677
2024-01-21 21:40:13 : n_entities:         24228
2024-01-21 21:40:13 : n_users_entities:   37595
2024-01-21 21:40:13 : n_relations:        12
2024-01-21 21:40:13 : n_cf_train:         855123
2024-01-21 21:40:13 : n_cf_test:          196893
2024-01-21 21:40:13 : n_kg_train:         3003542
2024-01-21 21:40:13 : n_kg_test:          1687082
2024-01-21 21:40:28 : Data initialization done
2024-01-23 09:25:30 : Constructed KG finished.
2024-01-23 09:25:30 : n_users:            13367
2024-01-23 09:25:30 : n_items:            12677
2024-01-23 09:25:30 : n_entities:         24228
2024-01-23 09:25:30 : n_users_entities:   37595
2024-01-23 09:25:30 : n_relations:        12
2024-01-23 09:25:30 : n_cf_train:         855123
2024-01-23 09:25:30 : n_cf_test:          196893
2024-01-23 09:25:30 : n_kg_train:         3003542
2024-01-23 09:25:30 : n_kg_test:          1687082
2024-01-23 09:25:45 : Data initialization done
2024-01-25 22:02:02 : Constructed KG finished.
2024-01-25 22:02:02 : n_users:            13367
2024-01-25 22:02:02 : n_items:            12677
2024-01-25 22:02:02 : n_entities:         24228
2024-01-25 22:02:02 : n_users_entities:   37595
2024-01-25 22:02:02 : n_relations:        12
2024-01-25 22:02:02 : n_cf_train:         855123
2024-01-25 22:02:02 : n_cf_test:          196893
2024-01-25 22:02:02 : n_kg_train:         3003542
2024-01-25 22:02:02 : n_kg_test:          1687082
2024-01-25 22:02:18 : Data initialization done
2024-01-26 22:01:41 : Constructed KG finished.
2024-01-26 22:01:41 : n_users:            13367
2024-01-26 22:01:41 : n_items:            12677
2024-01-26 22:01:41 : n_entities:         24228
2024-01-26 22:01:41 : n_users_entities:   37595
2024-01-26 22:01:41 : n_relations:        12
2024-01-26 22:01:41 : n_cf_train:         855123
2024-01-26 22:01:41 : n_cf_test:          196893
2024-01-26 22:01:41 : n_kg_train:         3003542
2024-01-26 22:01:41 : n_kg_test:          1687082
2024-01-26 22:01:57 : Data initialization done
2024-04-11 21:24:03 : Constructed KG finished.
2024-04-11 21:24:03 : n_users:            13367
2024-04-11 21:24:03 : n_items:            12677
2024-04-11 21:24:03 : n_entities:         24228
2024-04-11 21:24:03 : n_users_entities:   37595
2024-04-11 21:24:03 : n_relations:        12
2024-04-11 21:24:03 : n_cf_train:         855123
2024-04-11 21:24:03 : n_cf_test:          196893
2024-04-11 21:24:03 : n_kg_train:         3003542
2024-04-11 21:24:03 : n_kg_test:          1687082
2024-04-11 21:24:18 : Data initialization done
